<?xml version="1.0" encoding="UTF-8"?>
<testsuite xmlns:xsi="http://www.w3.org/2001/XMLSchema-instance" xsi:noNamespaceSchemaLocation="https://maven.apache.org/surefire/maven-surefire-plugin/xsd/surefire-test-report-3.0.xsd" version="3.0" name="org.enterpris2.cardgame.scores.RestApiTest" time="0.069" tests="2" errors="0" skipped="0" failures="2">
  <properties>
    <property name="sun.desktop" value="windows"/>
    <property name="awt.toolkit" value="sun.awt.windows.WToolkit"/>
    <property name="java.specification.version" value="11"/>
    <property name="sun.cpu.isalist" value="amd64"/>
    <property name="sun.jnu.encoding" value="Cp1252"/>
    <property name="java.class.path" value="C:\Users\bragg\OneDrive\Documents\Skole\5.semester\Enterpriceprogrammering 2\CardGame-Enterprice2\scores\target\test-classes;C:\Users\bragg\OneDrive\Documents\Skole\5.semester\Enterpriceprogrammering 2\CardGame-Enterprice2\scores\target\classes;C:\Users\bragg\OneDrive\Documents\Skole\5.semester\Enterpriceprogrammering 2\CardGame-Enterprice2\rest-dto\target\rest-dto-1.0-SNAPSHOT.jar;C:\Users\bragg\OneDrive\Documents\Skole\5.semester\Enterpriceprogrammering 2\CardGame-Enterprice2\rest-exception\target\rest-exception-1.0-SNAPSHOT.jar;C:\Users\bragg\.m2\repository\com\google\guava\guava\28.1-jre\guava-28.1-jre.jar;C:\Users\bragg\.m2\repository\com\google\guava\failureaccess\1.0.1\failureaccess-1.0.1.jar;C:\Users\bragg\.m2\repository\com\google\guava\listenablefuture\9999.0-empty-to-avoid-conflict-with-guava\listenablefuture-9999.0-empty-to-avoid-conflict-with-guava.jar;C:\Users\bragg\.m2\repository\com\google\code\findbugs\jsr305\3.0.2\jsr305-3.0.2.jar;C:\Users\bragg\.m2\repository\org\checkerframework\checker-qual\2.8.1\checker-qual-2.8.1.jar;C:\Users\bragg\.m2\repository\com\google\errorprone\error_prone_annotations\2.3.2\error_prone_annotations-2.3.2.jar;C:\Users\bragg\.m2\repository\com\google\j2objc\j2objc-annotations\1.3\j2objc-annotations-1.3.jar;C:\Users\bragg\.m2\repository\org\codehaus\mojo\animal-sniffer-annotations\1.18\animal-sniffer-annotations-1.18.jar;C:\Users\bragg\.m2\repository\javax\validation\validation-api\2.0.0.Final\validation-api-2.0.0.Final.jar;C:\Users\bragg\.m2\repository\org\springframework\boot\spring-boot-starter-web\2.3.3.RELEASE\spring-boot-starter-web-2.3.3.RELEASE.jar;C:\Users\bragg\.m2\repository\org\springframework\boot\spring-boot-starter\2.3.3.RELEASE\spring-boot-starter-2.3.3.RELEASE.jar;C:\Users\bragg\.m2\repository\org\springframework\boot\spring-boot\2.3.3.RELEASE\spring-boot-2.3.3.RELEASE.jar;C:\Users\bragg\.m2\repository\org\springframework\boot\spring-boot-autoconfigure\2.3.3.RELEASE\spring-boot-autoconfigure-2.3.3.RELEASE.jar;C:\Users\bragg\.m2\repository\org\springframework\boot\spring-boot-starter-logging\2.3.3.RELEASE\spring-boot-starter-logging-2.3.3.RELEASE.jar;C:\Users\bragg\.m2\repository\ch\qos\logback\logback-classic\1.2.3\logback-classic-1.2.3.jar;C:\Users\bragg\.m2\repository\ch\qos\logback\logback-core\1.2.3\logback-core-1.2.3.jar;C:\Users\bragg\.m2\repository\org\apache\logging\log4j\log4j-to-slf4j\2.13.3\log4j-to-slf4j-2.13.3.jar;C:\Users\bragg\.m2\repository\org\apache\logging\log4j\log4j-api\2.13.3\log4j-api-2.13.3.jar;C:\Users\bragg\.m2\repository\org\slf4j\jul-to-slf4j\1.7.30\jul-to-slf4j-1.7.30.jar;C:\Users\bragg\.m2\repository\jakarta\annotation\jakarta.annotation-api\1.3.5\jakarta.annotation-api-1.3.5.jar;C:\Users\bragg\.m2\repository\org\yaml\snakeyaml\1.26\snakeyaml-1.26.jar;C:\Users\bragg\.m2\repository\org\springframework\boot\spring-boot-starter-json\2.3.3.RELEASE\spring-boot-starter-json-2.3.3.RELEASE.jar;C:\Users\bragg\.m2\repository\com\fasterxml\jackson\core\jackson-databind\2.11.2\jackson-databind-2.11.2.jar;C:\Users\bragg\.m2\repository\com\fasterxml\jackson\core\jackson-annotations\2.11.2\jackson-annotations-2.11.2.jar;C:\Users\bragg\.m2\repository\com\fasterxml\jackson\core\jackson-core\2.11.2\jackson-core-2.11.2.jar;C:\Users\bragg\.m2\repository\com\fasterxml\jackson\datatype\jackson-datatype-jdk8\2.11.2\jackson-datatype-jdk8-2.11.2.jar;C:\Users\bragg\.m2\repository\com\fasterxml\jackson\datatype\jackson-datatype-jsr310\2.11.2\jackson-datatype-jsr310-2.11.2.jar;C:\Users\bragg\.m2\repository\com\fasterxml\jackson\module\jackson-module-parameter-names\2.11.2\jackson-module-parameter-names-2.11.2.jar;C:\Users\bragg\.m2\repository\org\springframework\boot\spring-boot-starter-tomcat\2.3.3.RELEASE\spring-boot-starter-tomcat-2.3.3.RELEASE.jar;C:\Users\bragg\.m2\repository\org\apache\tomcat\embed\tomcat-embed-core\9.0.37\tomcat-embed-core-9.0.37.jar;C:\Users\bragg\.m2\repository\org\glassfish\jakarta.el\3.0.3\jakarta.el-3.0.3.jar;C:\Users\bragg\.m2\repository\org\apache\tomcat\embed\tomcat-embed-websocket\9.0.37\tomcat-embed-websocket-9.0.37.jar;C:\Users\bragg\.m2\repository\org\springframework\spring-web\5.2.8.RELEASE\spring-web-5.2.8.RELEASE.jar;C:\Users\bragg\.m2\repository\org\springframework\spring-beans\5.2.8.RELEASE\spring-beans-5.2.8.RELEASE.jar;C:\Users\bragg\.m2\repository\org\springframework\spring-webmvc\5.2.8.RELEASE\spring-webmvc-5.2.8.RELEASE.jar;C:\Users\bragg\.m2\repository\org\springframework\spring-aop\5.2.8.RELEASE\spring-aop-5.2.8.RELEASE.jar;C:\Users\bragg\.m2\repository\org\springframework\spring-context\5.2.8.RELEASE\spring-context-5.2.8.RELEASE.jar;C:\Users\bragg\.m2\repository\org\springframework\spring-expression\5.2.8.RELEASE\spring-expression-5.2.8.RELEASE.jar;C:\Users\bragg\.m2\repository\org\springframework\boot\spring-boot-starter-data-jpa\2.2.4.RELEASE\spring-boot-starter-data-jpa-2.2.4.RELEASE.jar;C:\Users\bragg\.m2\repository\org\springframework\boot\spring-boot-starter-aop\2.2.4.RELEASE\spring-boot-starter-aop-2.2.4.RELEASE.jar;C:\Users\bragg\.m2\repository\org\aspectj\aspectjweaver\1.9.5\aspectjweaver-1.9.5.jar;C:\Users\bragg\.m2\repository\org\springframework\boot\spring-boot-starter-jdbc\2.2.4.RELEASE\spring-boot-starter-jdbc-2.2.4.RELEASE.jar;C:\Users\bragg\.m2\repository\com\zaxxer\HikariCP\3.4.2\HikariCP-3.4.2.jar;C:\Users\bragg\.m2\repository\org\springframework\spring-jdbc\5.2.3.RELEASE\spring-jdbc-5.2.3.RELEASE.jar;C:\Users\bragg\.m2\repository\jakarta\activation\jakarta.activation-api\1.2.1\jakarta.activation-api-1.2.1.jar;C:\Users\bragg\.m2\repository\jakarta\persistence\jakarta.persistence-api\2.2.3\jakarta.persistence-api-2.2.3.jar;C:\Users\bragg\.m2\repository\jakarta\transaction\jakarta.transaction-api\1.3.3\jakarta.transaction-api-1.3.3.jar;C:\Users\bragg\.m2\repository\org\hibernate\hibernate-core\5.4.10.Final\hibernate-core-5.4.10.Final.jar;C:\Users\bragg\.m2\repository\org\jboss\logging\jboss-logging\3.3.2.Final\jboss-logging-3.3.2.Final.jar;C:\Users\bragg\.m2\repository\org\javassist\javassist\3.24.0-GA\javassist-3.24.0-GA.jar;C:\Users\bragg\.m2\repository\net\bytebuddy\byte-buddy\1.10.2\byte-buddy-1.10.2.jar;C:\Users\bragg\.m2\repository\antlr\antlr\2.7.7\antlr-2.7.7.jar;C:\Users\bragg\.m2\repository\org\jboss\jandex\2.1.1.Final\jandex-2.1.1.Final.jar;C:\Users\bragg\.m2\repository\org\dom4j\dom4j\2.1.1\dom4j-2.1.1.jar;C:\Users\bragg\.m2\repository\org\hibernate\common\hibernate-commons-annotations\5.1.0.Final\hibernate-commons-annotations-5.1.0.Final.jar;C:\Users\bragg\.m2\repository\org\springframework\data\spring-data-jpa\2.2.4.RELEASE\spring-data-jpa-2.2.4.RELEASE.jar;C:\Users\bragg\.m2\repository\org\springframework\data\spring-data-commons\2.2.4.RELEASE\spring-data-commons-2.2.4.RELEASE.jar;C:\Users\bragg\.m2\repository\org\springframework\spring-orm\5.2.3.RELEASE\spring-orm-5.2.3.RELEASE.jar;C:\Users\bragg\.m2\repository\org\springframework\spring-tx\5.2.3.RELEASE\spring-tx-5.2.3.RELEASE.jar;C:\Users\bragg\.m2\repository\org\springframework\spring-aspects\5.2.3.RELEASE\spring-aspects-5.2.3.RELEASE.jar;C:\Users\bragg\.m2\repository\io\springfox\springfox-boot-starter\3.0.0\springfox-boot-starter-3.0.0.jar;C:\Users\bragg\.m2\repository\io\springfox\springfox-oas\3.0.0\springfox-oas-3.0.0.jar;C:\Users\bragg\.m2\repository\io\swagger\core\v3\swagger-annotations\2.1.2\swagger-annotations-2.1.2.jar;C:\Users\bragg\.m2\repository\io\swagger\core\v3\swagger-models\2.1.2\swagger-models-2.1.2.jar;C:\Users\bragg\.m2\repository\io\springfox\springfox-spi\3.0.0\springfox-spi-3.0.0.jar;C:\Users\bragg\.m2\repository\io\springfox\springfox-schema\3.0.0\springfox-schema-3.0.0.jar;C:\Users\bragg\.m2\repository\io\springfox\springfox-core\3.0.0\springfox-core-3.0.0.jar;C:\Users\bragg\.m2\repository\io\springfox\springfox-spring-web\3.0.0\springfox-spring-web-3.0.0.jar;C:\Users\bragg\.m2\repository\io\github\classgraph\classgraph\4.8.83\classgraph-4.8.83.jar;C:\Users\bragg\.m2\repository\io\springfox\springfox-spring-webmvc\3.0.0\springfox-spring-webmvc-3.0.0.jar;C:\Users\bragg\.m2\repository\io\springfox\springfox-spring-webflux\3.0.0\springfox-spring-webflux-3.0.0.jar;C:\Users\bragg\.m2\repository\io\springfox\springfox-swagger-common\3.0.0\springfox-swagger-common-3.0.0.jar;C:\Users\bragg\.m2\repository\org\mapstruct\mapstruct\1.3.1.Final\mapstruct-1.3.1.Final.jar;C:\Users\bragg\.m2\repository\io\springfox\springfox-data-rest\3.0.0\springfox-data-rest-3.0.0.jar;C:\Users\bragg\.m2\repository\io\springfox\springfox-bean-validators\3.0.0\springfox-bean-validators-3.0.0.jar;C:\Users\bragg\.m2\repository\io\springfox\springfox-swagger2\3.0.0\springfox-swagger2-3.0.0.jar;C:\Users\bragg\.m2\repository\io\swagger\swagger-annotations\1.5.20\swagger-annotations-1.5.20.jar;C:\Users\bragg\.m2\repository\io\swagger\swagger-models\1.5.20\swagger-models-1.5.20.jar;C:\Users\bragg\.m2\repository\io\springfox\springfox-swagger-ui\3.0.0\springfox-swagger-ui-3.0.0.jar;C:\Users\bragg\.m2\repository\com\fasterxml\classmate\1.5.1\classmate-1.5.1.jar;C:\Users\bragg\.m2\repository\org\slf4j\slf4j-api\1.7.25\slf4j-api-1.7.25.jar;C:\Users\bragg\.m2\repository\org\springframework\plugin\spring-plugin-core\2.0.0.RELEASE\spring-plugin-core-2.0.0.RELEASE.jar;C:\Users\bragg\.m2\repository\org\springframework\plugin\spring-plugin-metadata\2.0.0.RELEASE\spring-plugin-metadata-2.0.0.RELEASE.jar;C:\Users\bragg\.m2\repository\org\springframework\boot\spring-boot-starter-validation\2.2.4.RELEASE\spring-boot-starter-validation-2.2.4.RELEASE.jar;C:\Users\bragg\.m2\repository\jakarta\validation\jakarta.validation-api\2.0.2\jakarta.validation-api-2.0.2.jar;C:\Users\bragg\.m2\repository\org\apache\tomcat\embed\tomcat-embed-el\9.0.30\tomcat-embed-el-9.0.30.jar;C:\Users\bragg\.m2\repository\org\hibernate\validator\hibernate-validator\6.0.18.Final\hibernate-validator-6.0.18.Final.jar;C:\Users\bragg\.m2\repository\org\springframework\boot\spring-boot-starter-actuator\2.3.2.RELEASE\spring-boot-starter-actuator-2.3.2.RELEASE.jar;C:\Users\bragg\.m2\repository\org\springframework\boot\spring-boot-actuator-autoconfigure\2.3.2.RELEASE\spring-boot-actuator-autoconfigure-2.3.2.RELEASE.jar;C:\Users\bragg\.m2\repository\org\springframework\boot\spring-boot-actuator\2.3.2.RELEASE\spring-boot-actuator-2.3.2.RELEASE.jar;C:\Users\bragg\.m2\repository\io\micrometer\micrometer-core\1.5.3\micrometer-core-1.5.3.jar;C:\Users\bragg\.m2\repository\org\hdrhistogram\HdrHistogram\2.1.12\HdrHistogram-2.1.12.jar;C:\Users\bragg\.m2\repository\org\latencyutils\LatencyUtils\2.0.3\LatencyUtils-2.0.3.jar;C:\Users\bragg\.m2\repository\org\postgresql\postgresql\42.2.8\postgresql-42.2.8.jar;C:\Users\bragg\.m2\repository\org\flywaydb\flyway-core\6.3.1\flyway-core-6.3.1.jar;C:\Users\bragg\.m2\repository\javax\xml\bind\jaxb-api\2.4.0-b180830.0359\jaxb-api-2.4.0-b180830.0359.jar;C:\Users\bragg\.m2\repository\javax\activation\javax.activation-api\1.2.0\javax.activation-api-1.2.0.jar;C:\Users\bragg\.m2\repository\org\glassfish\jaxb\jaxb-runtime\2.3.1\jaxb-runtime-2.3.1.jar;C:\Users\bragg\.m2\repository\org\glassfish\jaxb\txw2\2.3.1\txw2-2.3.1.jar;C:\Users\bragg\.m2\repository\com\sun\istack\istack-commons-runtime\3.0.7\istack-commons-runtime-3.0.7.jar;C:\Users\bragg\.m2\repository\org\jvnet\staxex\stax-ex\1.8\stax-ex-1.8.jar;C:\Users\bragg\.m2\repository\com\sun\xml\fastinfoset\FastInfoset\1.2.15\FastInfoset-1.2.15.jar;C:\Users\bragg\.m2\repository\com\h2database\h2\1.4.200\h2-1.4.200.jar;C:\Users\bragg\.m2\repository\org\springframework\boot\spring-boot-starter-test\2.2.8.RELEASE\spring-boot-starter-test-2.2.8.RELEASE.jar;C:\Users\bragg\.m2\repository\org\springframework\boot\spring-boot-test\2.2.8.RELEASE\spring-boot-test-2.2.8.RELEASE.jar;C:\Users\bragg\.m2\repository\org\springframework\boot\spring-boot-test-autoconfigure\2.2.8.RELEASE\spring-boot-test-autoconfigure-2.2.8.RELEASE.jar;C:\Users\bragg\.m2\repository\com\jayway\jsonpath\json-path\2.4.0\json-path-2.4.0.jar;C:\Users\bragg\.m2\repository\net\minidev\json-smart\2.3\json-smart-2.3.jar;C:\Users\bragg\.m2\repository\net\minidev\accessors-smart\1.2\accessors-smart-1.2.jar;C:\Users\bragg\.m2\repository\org\ow2\asm\asm\5.0.4\asm-5.0.4.jar;C:\Users\bragg\.m2\repository\jakarta\xml\bind\jakarta.xml.bind-api\2.3.3\jakarta.xml.bind-api-2.3.3.jar;C:\Users\bragg\.m2\repository\org\junit\jupiter\junit-jupiter\5.5.2\junit-jupiter-5.5.2.jar;C:\Users\bragg\.m2\repository\org\junit\jupiter\junit-jupiter-api\5.5.2\junit-jupiter-api-5.5.2.jar;C:\Users\bragg\.m2\repository\org\opentest4j\opentest4j\1.2.0\opentest4j-1.2.0.jar;C:\Users\bragg\.m2\repository\org\junit\platform\junit-platform-commons\1.5.2\junit-platform-commons-1.5.2.jar;C:\Users\bragg\.m2\repository\org\junit\jupiter\junit-jupiter-params\5.5.2\junit-jupiter-params-5.5.2.jar;C:\Users\bragg\.m2\repository\org\junit\jupiter\junit-jupiter-engine\5.5.2\junit-jupiter-engine-5.5.2.jar;C:\Users\bragg\.m2\repository\org\junit\vintage\junit-vintage-engine\5.5.2\junit-vintage-engine-5.5.2.jar;C:\Users\bragg\.m2\repository\org\apiguardian\apiguardian-api\1.1.0\apiguardian-api-1.1.0.jar;C:\Users\bragg\.m2\repository\org\junit\platform\junit-platform-engine\1.5.2\junit-platform-engine-1.5.2.jar;C:\Users\bragg\.m2\repository\junit\junit\4.12\junit-4.12.jar;C:\Users\bragg\.m2\repository\org\mockito\mockito-junit-jupiter\3.1.0\mockito-junit-jupiter-3.1.0.jar;C:\Users\bragg\.m2\repository\org\assertj\assertj-core\3.13.2\assertj-core-3.13.2.jar;C:\Users\bragg\.m2\repository\org\hamcrest\hamcrest\2.1\hamcrest-2.1.jar;C:\Users\bragg\.m2\repository\org\mockito\mockito-core\3.1.0\mockito-core-3.1.0.jar;C:\Users\bragg\.m2\repository\net\bytebuddy\byte-buddy-agent\1.9.10\byte-buddy-agent-1.9.10.jar;C:\Users\bragg\.m2\repository\org\objenesis\objenesis\2.6\objenesis-2.6.jar;C:\Users\bragg\.m2\repository\org\skyscreamer\jsonassert\1.5.0\jsonassert-1.5.0.jar;C:\Users\bragg\.m2\repository\com\vaadin\external\google\android-json\0.0.20131108.vaadin1\android-json-0.0.20131108.vaadin1.jar;C:\Users\bragg\.m2\repository\org\springframework\spring-core\5.2.7.RELEASE\spring-core-5.2.7.RELEASE.jar;C:\Users\bragg\.m2\repository\org\springframework\spring-jcl\5.2.7.RELEASE\spring-jcl-5.2.7.RELEASE.jar;C:\Users\bragg\.m2\repository\org\springframework\spring-test\5.2.7.RELEASE\spring-test-5.2.7.RELEASE.jar;C:\Users\bragg\.m2\repository\org\xmlunit\xmlunit-core\2.6.4\xmlunit-core-2.6.4.jar;C:\Users\bragg\.m2\repository\io\rest-assured\rest-assured\4.2.0\rest-assured-4.2.0.jar;C:\Users\bragg\.m2\repository\org\codehaus\groovy\groovy\2.5.8\groovy-2.5.8.jar;C:\Users\bragg\.m2\repository\org\codehaus\groovy\groovy-xml\2.5.8\groovy-xml-2.5.8.jar;C:\Users\bragg\.m2\repository\org\apache\httpcomponents\httpclient\4.5.3\httpclient-4.5.3.jar;C:\Users\bragg\.m2\repository\org\apache\httpcomponents\httpcore\4.4.6\httpcore-4.4.6.jar;C:\Users\bragg\.m2\repository\commons-logging\commons-logging\1.2\commons-logging-1.2.jar;C:\Users\bragg\.m2\repository\commons-codec\commons-codec\1.9\commons-codec-1.9.jar;C:\Users\bragg\.m2\repository\org\apache\httpcomponents\httpmime\4.5.3\httpmime-4.5.3.jar;C:\Users\bragg\.m2\repository\org\ccil\cowan\tagsoup\tagsoup\1.2.1\tagsoup-1.2.1.jar;C:\Users\bragg\.m2\repository\io\rest-assured\json-path\4.2.0\json-path-4.2.0.jar;C:\Users\bragg\.m2\repository\org\codehaus\groovy\groovy-json\2.5.8\groovy-json-2.5.8.jar;C:\Users\bragg\.m2\repository\io\rest-assured\rest-assured-common\4.2.0\rest-assured-common-4.2.0.jar;C:\Users\bragg\.m2\repository\io\rest-assured\xml-path\4.2.0\xml-path-4.2.0.jar;C:\Users\bragg\.m2\repository\org\apache\commons\commons-lang3\3.4\commons-lang3-3.4.jar;C:\Users\bragg\.m2\repository\com\sun\xml\bind\jaxb-osgi\2.3.0.1\jaxb-osgi-2.3.0.1.jar;C:\Users\bragg\.m2\repository\org\apache\sling\org.apache.sling.javax.activation\0.1.0\org.apache.sling.javax.activation-0.1.0.jar;C:\Users\bragg\.m2\repository\javax\activation\activation\1.1.1\activation-1.1.1.jar;C:\Users\bragg\.m2\repository\org\jetbrains\kotlin\kotlin-stdlib-jdk8\1.3.61\kotlin-stdlib-jdk8-1.3.61.jar;C:\Users\bragg\.m2\repository\org\jetbrains\kotlin\kotlin-stdlib\1.3.61\kotlin-stdlib-1.3.61.jar;C:\Users\bragg\.m2\repository\org\jetbrains\kotlin\kotlin-stdlib-common\1.3.61\kotlin-stdlib-common-1.3.61.jar;C:\Users\bragg\.m2\repository\org\jetbrains\annotations\13.0\annotations-13.0.jar;C:\Users\bragg\.m2\repository\org\jetbrains\kotlin\kotlin-stdlib-jdk7\1.3.61\kotlin-stdlib-jdk7-1.3.61.jar;C:\Users\bragg\.m2\repository\org\jetbrains\kotlin\kotlin-reflect\1.3.61\kotlin-reflect-1.3.61.jar;"/>
    <property name="java.vm.vendor" value="Oracle Corporation"/>
    <property name="sun.arch.data.model" value="64"/>
    <property name="user.variant" value=""/>
    <property name="java.vendor.url" value="https://openjdk.java.net/"/>
    <property name="catalina.useNaming" value="false"/>
    <property name="user.timezone" value="Europe/Berlin"/>
    <property name="user.country.format" value="NO"/>
    <property name="java.vm.specification.version" value="11"/>
    <property name="os.name" value="Windows 10"/>
    <property name="sun.java.launcher" value="SUN_STANDARD"/>
    <property name="user.country" value="GB"/>
    <property name="sun.boot.library.path" value="C:\Program Files\Java\jdk-11.0.8\bin"/>
    <property name="sun.java.command" value="C:\Users\bragg\AppData\Local\Temp\surefire13128849016012917058\surefirebooter13620296166385578993.jar C:\Users\bragg\AppData\Local\Temp\surefire13128849016012917058 2020-09-17T10-19-29_028-jvmRun1 surefire13527111929442314641tmp surefire_19569028402229257421tmp"/>
    <property name="jdk.debug" value="release"/>
    <property name="surefire.test.class.path" value="C:\Users\bragg\OneDrive\Documents\Skole\5.semester\Enterpriceprogrammering 2\CardGame-Enterprice2\scores\target\test-classes;C:\Users\bragg\OneDrive\Documents\Skole\5.semester\Enterpriceprogrammering 2\CardGame-Enterprice2\scores\target\classes;C:\Users\bragg\OneDrive\Documents\Skole\5.semester\Enterpriceprogrammering 2\CardGame-Enterprice2\rest-dto\target\rest-dto-1.0-SNAPSHOT.jar;C:\Users\bragg\OneDrive\Documents\Skole\5.semester\Enterpriceprogrammering 2\CardGame-Enterprice2\rest-exception\target\rest-exception-1.0-SNAPSHOT.jar;C:\Users\bragg\.m2\repository\com\google\guava\guava\28.1-jre\guava-28.1-jre.jar;C:\Users\bragg\.m2\repository\com\google\guava\failureaccess\1.0.1\failureaccess-1.0.1.jar;C:\Users\bragg\.m2\repository\com\google\guava\listenablefuture\9999.0-empty-to-avoid-conflict-with-guava\listenablefuture-9999.0-empty-to-avoid-conflict-with-guava.jar;C:\Users\bragg\.m2\repository\com\google\code\findbugs\jsr305\3.0.2\jsr305-3.0.2.jar;C:\Users\bragg\.m2\repository\org\checkerframework\checker-qual\2.8.1\checker-qual-2.8.1.jar;C:\Users\bragg\.m2\repository\com\google\errorprone\error_prone_annotations\2.3.2\error_prone_annotations-2.3.2.jar;C:\Users\bragg\.m2\repository\com\google\j2objc\j2objc-annotations\1.3\j2objc-annotations-1.3.jar;C:\Users\bragg\.m2\repository\org\codehaus\mojo\animal-sniffer-annotations\1.18\animal-sniffer-annotations-1.18.jar;C:\Users\bragg\.m2\repository\javax\validation\validation-api\2.0.0.Final\validation-api-2.0.0.Final.jar;C:\Users\bragg\.m2\repository\org\springframework\boot\spring-boot-starter-web\2.3.3.RELEASE\spring-boot-starter-web-2.3.3.RELEASE.jar;C:\Users\bragg\.m2\repository\org\springframework\boot\spring-boot-starter\2.3.3.RELEASE\spring-boot-starter-2.3.3.RELEASE.jar;C:\Users\bragg\.m2\repository\org\springframework\boot\spring-boot\2.3.3.RELEASE\spring-boot-2.3.3.RELEASE.jar;C:\Users\bragg\.m2\repository\org\springframework\boot\spring-boot-autoconfigure\2.3.3.RELEASE\spring-boot-autoconfigure-2.3.3.RELEASE.jar;C:\Users\bragg\.m2\repository\org\springframework\boot\spring-boot-starter-logging\2.3.3.RELEASE\spring-boot-starter-logging-2.3.3.RELEASE.jar;C:\Users\bragg\.m2\repository\ch\qos\logback\logback-classic\1.2.3\logback-classic-1.2.3.jar;C:\Users\bragg\.m2\repository\ch\qos\logback\logback-core\1.2.3\logback-core-1.2.3.jar;C:\Users\bragg\.m2\repository\org\apache\logging\log4j\log4j-to-slf4j\2.13.3\log4j-to-slf4j-2.13.3.jar;C:\Users\bragg\.m2\repository\org\apache\logging\log4j\log4j-api\2.13.3\log4j-api-2.13.3.jar;C:\Users\bragg\.m2\repository\org\slf4j\jul-to-slf4j\1.7.30\jul-to-slf4j-1.7.30.jar;C:\Users\bragg\.m2\repository\jakarta\annotation\jakarta.annotation-api\1.3.5\jakarta.annotation-api-1.3.5.jar;C:\Users\bragg\.m2\repository\org\yaml\snakeyaml\1.26\snakeyaml-1.26.jar;C:\Users\bragg\.m2\repository\org\springframework\boot\spring-boot-starter-json\2.3.3.RELEASE\spring-boot-starter-json-2.3.3.RELEASE.jar;C:\Users\bragg\.m2\repository\com\fasterxml\jackson\core\jackson-databind\2.11.2\jackson-databind-2.11.2.jar;C:\Users\bragg\.m2\repository\com\fasterxml\jackson\core\jackson-annotations\2.11.2\jackson-annotations-2.11.2.jar;C:\Users\bragg\.m2\repository\com\fasterxml\jackson\core\jackson-core\2.11.2\jackson-core-2.11.2.jar;C:\Users\bragg\.m2\repository\com\fasterxml\jackson\datatype\jackson-datatype-jdk8\2.11.2\jackson-datatype-jdk8-2.11.2.jar;C:\Users\bragg\.m2\repository\com\fasterxml\jackson\datatype\jackson-datatype-jsr310\2.11.2\jackson-datatype-jsr310-2.11.2.jar;C:\Users\bragg\.m2\repository\com\fasterxml\jackson\module\jackson-module-parameter-names\2.11.2\jackson-module-parameter-names-2.11.2.jar;C:\Users\bragg\.m2\repository\org\springframework\boot\spring-boot-starter-tomcat\2.3.3.RELEASE\spring-boot-starter-tomcat-2.3.3.RELEASE.jar;C:\Users\bragg\.m2\repository\org\apache\tomcat\embed\tomcat-embed-core\9.0.37\tomcat-embed-core-9.0.37.jar;C:\Users\bragg\.m2\repository\org\glassfish\jakarta.el\3.0.3\jakarta.el-3.0.3.jar;C:\Users\bragg\.m2\repository\org\apache\tomcat\embed\tomcat-embed-websocket\9.0.37\tomcat-embed-websocket-9.0.37.jar;C:\Users\bragg\.m2\repository\org\springframework\spring-web\5.2.8.RELEASE\spring-web-5.2.8.RELEASE.jar;C:\Users\bragg\.m2\repository\org\springframework\spring-beans\5.2.8.RELEASE\spring-beans-5.2.8.RELEASE.jar;C:\Users\bragg\.m2\repository\org\springframework\spring-webmvc\5.2.8.RELEASE\spring-webmvc-5.2.8.RELEASE.jar;C:\Users\bragg\.m2\repository\org\springframework\spring-aop\5.2.8.RELEASE\spring-aop-5.2.8.RELEASE.jar;C:\Users\bragg\.m2\repository\org\springframework\spring-context\5.2.8.RELEASE\spring-context-5.2.8.RELEASE.jar;C:\Users\bragg\.m2\repository\org\springframework\spring-expression\5.2.8.RELEASE\spring-expression-5.2.8.RELEASE.jar;C:\Users\bragg\.m2\repository\org\springframework\boot\spring-boot-starter-data-jpa\2.2.4.RELEASE\spring-boot-starter-data-jpa-2.2.4.RELEASE.jar;C:\Users\bragg\.m2\repository\org\springframework\boot\spring-boot-starter-aop\2.2.4.RELEASE\spring-boot-starter-aop-2.2.4.RELEASE.jar;C:\Users\bragg\.m2\repository\org\aspectj\aspectjweaver\1.9.5\aspectjweaver-1.9.5.jar;C:\Users\bragg\.m2\repository\org\springframework\boot\spring-boot-starter-jdbc\2.2.4.RELEASE\spring-boot-starter-jdbc-2.2.4.RELEASE.jar;C:\Users\bragg\.m2\repository\com\zaxxer\HikariCP\3.4.2\HikariCP-3.4.2.jar;C:\Users\bragg\.m2\repository\org\springframework\spring-jdbc\5.2.3.RELEASE\spring-jdbc-5.2.3.RELEASE.jar;C:\Users\bragg\.m2\repository\jakarta\activation\jakarta.activation-api\1.2.1\jakarta.activation-api-1.2.1.jar;C:\Users\bragg\.m2\repository\jakarta\persistence\jakarta.persistence-api\2.2.3\jakarta.persistence-api-2.2.3.jar;C:\Users\bragg\.m2\repository\jakarta\transaction\jakarta.transaction-api\1.3.3\jakarta.transaction-api-1.3.3.jar;C:\Users\bragg\.m2\repository\org\hibernate\hibernate-core\5.4.10.Final\hibernate-core-5.4.10.Final.jar;C:\Users\bragg\.m2\repository\org\jboss\logging\jboss-logging\3.3.2.Final\jboss-logging-3.3.2.Final.jar;C:\Users\bragg\.m2\repository\org\javassist\javassist\3.24.0-GA\javassist-3.24.0-GA.jar;C:\Users\bragg\.m2\repository\net\bytebuddy\byte-buddy\1.10.2\byte-buddy-1.10.2.jar;C:\Users\bragg\.m2\repository\antlr\antlr\2.7.7\antlr-2.7.7.jar;C:\Users\bragg\.m2\repository\org\jboss\jandex\2.1.1.Final\jandex-2.1.1.Final.jar;C:\Users\bragg\.m2\repository\org\dom4j\dom4j\2.1.1\dom4j-2.1.1.jar;C:\Users\bragg\.m2\repository\org\hibernate\common\hibernate-commons-annotations\5.1.0.Final\hibernate-commons-annotations-5.1.0.Final.jar;C:\Users\bragg\.m2\repository\org\springframework\data\spring-data-jpa\2.2.4.RELEASE\spring-data-jpa-2.2.4.RELEASE.jar;C:\Users\bragg\.m2\repository\org\springframework\data\spring-data-commons\2.2.4.RELEASE\spring-data-commons-2.2.4.RELEASE.jar;C:\Users\bragg\.m2\repository\org\springframework\spring-orm\5.2.3.RELEASE\spring-orm-5.2.3.RELEASE.jar;C:\Users\bragg\.m2\repository\org\springframework\spring-tx\5.2.3.RELEASE\spring-tx-5.2.3.RELEASE.jar;C:\Users\bragg\.m2\repository\org\springframework\spring-aspects\5.2.3.RELEASE\spring-aspects-5.2.3.RELEASE.jar;C:\Users\bragg\.m2\repository\io\springfox\springfox-boot-starter\3.0.0\springfox-boot-starter-3.0.0.jar;C:\Users\bragg\.m2\repository\io\springfox\springfox-oas\3.0.0\springfox-oas-3.0.0.jar;C:\Users\bragg\.m2\repository\io\swagger\core\v3\swagger-annotations\2.1.2\swagger-annotations-2.1.2.jar;C:\Users\bragg\.m2\repository\io\swagger\core\v3\swagger-models\2.1.2\swagger-models-2.1.2.jar;C:\Users\bragg\.m2\repository\io\springfox\springfox-spi\3.0.0\springfox-spi-3.0.0.jar;C:\Users\bragg\.m2\repository\io\springfox\springfox-schema\3.0.0\springfox-schema-3.0.0.jar;C:\Users\bragg\.m2\repository\io\springfox\springfox-core\3.0.0\springfox-core-3.0.0.jar;C:\Users\bragg\.m2\repository\io\springfox\springfox-spring-web\3.0.0\springfox-spring-web-3.0.0.jar;C:\Users\bragg\.m2\repository\io\github\classgraph\classgraph\4.8.83\classgraph-4.8.83.jar;C:\Users\bragg\.m2\repository\io\springfox\springfox-spring-webmvc\3.0.0\springfox-spring-webmvc-3.0.0.jar;C:\Users\bragg\.m2\repository\io\springfox\springfox-spring-webflux\3.0.0\springfox-spring-webflux-3.0.0.jar;C:\Users\bragg\.m2\repository\io\springfox\springfox-swagger-common\3.0.0\springfox-swagger-common-3.0.0.jar;C:\Users\bragg\.m2\repository\org\mapstruct\mapstruct\1.3.1.Final\mapstruct-1.3.1.Final.jar;C:\Users\bragg\.m2\repository\io\springfox\springfox-data-rest\3.0.0\springfox-data-rest-3.0.0.jar;C:\Users\bragg\.m2\repository\io\springfox\springfox-bean-validators\3.0.0\springfox-bean-validators-3.0.0.jar;C:\Users\bragg\.m2\repository\io\springfox\springfox-swagger2\3.0.0\springfox-swagger2-3.0.0.jar;C:\Users\bragg\.m2\repository\io\swagger\swagger-annotations\1.5.20\swagger-annotations-1.5.20.jar;C:\Users\bragg\.m2\repository\io\swagger\swagger-models\1.5.20\swagger-models-1.5.20.jar;C:\Users\bragg\.m2\repository\io\springfox\springfox-swagger-ui\3.0.0\springfox-swagger-ui-3.0.0.jar;C:\Users\bragg\.m2\repository\com\fasterxml\classmate\1.5.1\classmate-1.5.1.jar;C:\Users\bragg\.m2\repository\org\slf4j\slf4j-api\1.7.25\slf4j-api-1.7.25.jar;C:\Users\bragg\.m2\repository\org\springframework\plugin\spring-plugin-core\2.0.0.RELEASE\spring-plugin-core-2.0.0.RELEASE.jar;C:\Users\bragg\.m2\repository\org\springframework\plugin\spring-plugin-metadata\2.0.0.RELEASE\spring-plugin-metadata-2.0.0.RELEASE.jar;C:\Users\bragg\.m2\repository\org\springframework\boot\spring-boot-starter-validation\2.2.4.RELEASE\spring-boot-starter-validation-2.2.4.RELEASE.jar;C:\Users\bragg\.m2\repository\jakarta\validation\jakarta.validation-api\2.0.2\jakarta.validation-api-2.0.2.jar;C:\Users\bragg\.m2\repository\org\apache\tomcat\embed\tomcat-embed-el\9.0.30\tomcat-embed-el-9.0.30.jar;C:\Users\bragg\.m2\repository\org\hibernate\validator\hibernate-validator\6.0.18.Final\hibernate-validator-6.0.18.Final.jar;C:\Users\bragg\.m2\repository\org\springframework\boot\spring-boot-starter-actuator\2.3.2.RELEASE\spring-boot-starter-actuator-2.3.2.RELEASE.jar;C:\Users\bragg\.m2\repository\org\springframework\boot\spring-boot-actuator-autoconfigure\2.3.2.RELEASE\spring-boot-actuator-autoconfigure-2.3.2.RELEASE.jar;C:\Users\bragg\.m2\repository\org\springframework\boot\spring-boot-actuator\2.3.2.RELEASE\spring-boot-actuator-2.3.2.RELEASE.jar;C:\Users\bragg\.m2\repository\io\micrometer\micrometer-core\1.5.3\micrometer-core-1.5.3.jar;C:\Users\bragg\.m2\repository\org\hdrhistogram\HdrHistogram\2.1.12\HdrHistogram-2.1.12.jar;C:\Users\bragg\.m2\repository\org\latencyutils\LatencyUtils\2.0.3\LatencyUtils-2.0.3.jar;C:\Users\bragg\.m2\repository\org\postgresql\postgresql\42.2.8\postgresql-42.2.8.jar;C:\Users\bragg\.m2\repository\org\flywaydb\flyway-core\6.3.1\flyway-core-6.3.1.jar;C:\Users\bragg\.m2\repository\javax\xml\bind\jaxb-api\2.4.0-b180830.0359\jaxb-api-2.4.0-b180830.0359.jar;C:\Users\bragg\.m2\repository\javax\activation\javax.activation-api\1.2.0\javax.activation-api-1.2.0.jar;C:\Users\bragg\.m2\repository\org\glassfish\jaxb\jaxb-runtime\2.3.1\jaxb-runtime-2.3.1.jar;C:\Users\bragg\.m2\repository\org\glassfish\jaxb\txw2\2.3.1\txw2-2.3.1.jar;C:\Users\bragg\.m2\repository\com\sun\istack\istack-commons-runtime\3.0.7\istack-commons-runtime-3.0.7.jar;C:\Users\bragg\.m2\repository\org\jvnet\staxex\stax-ex\1.8\stax-ex-1.8.jar;C:\Users\bragg\.m2\repository\com\sun\xml\fastinfoset\FastInfoset\1.2.15\FastInfoset-1.2.15.jar;C:\Users\bragg\.m2\repository\com\h2database\h2\1.4.200\h2-1.4.200.jar;C:\Users\bragg\.m2\repository\org\springframework\boot\spring-boot-starter-test\2.2.8.RELEASE\spring-boot-starter-test-2.2.8.RELEASE.jar;C:\Users\bragg\.m2\repository\org\springframework\boot\spring-boot-test\2.2.8.RELEASE\spring-boot-test-2.2.8.RELEASE.jar;C:\Users\bragg\.m2\repository\org\springframework\boot\spring-boot-test-autoconfigure\2.2.8.RELEASE\spring-boot-test-autoconfigure-2.2.8.RELEASE.jar;C:\Users\bragg\.m2\repository\com\jayway\jsonpath\json-path\2.4.0\json-path-2.4.0.jar;C:\Users\bragg\.m2\repository\net\minidev\json-smart\2.3\json-smart-2.3.jar;C:\Users\bragg\.m2\repository\net\minidev\accessors-smart\1.2\accessors-smart-1.2.jar;C:\Users\bragg\.m2\repository\org\ow2\asm\asm\5.0.4\asm-5.0.4.jar;C:\Users\bragg\.m2\repository\jakarta\xml\bind\jakarta.xml.bind-api\2.3.3\jakarta.xml.bind-api-2.3.3.jar;C:\Users\bragg\.m2\repository\org\junit\jupiter\junit-jupiter\5.5.2\junit-jupiter-5.5.2.jar;C:\Users\bragg\.m2\repository\org\junit\jupiter\junit-jupiter-api\5.5.2\junit-jupiter-api-5.5.2.jar;C:\Users\bragg\.m2\repository\org\opentest4j\opentest4j\1.2.0\opentest4j-1.2.0.jar;C:\Users\bragg\.m2\repository\org\junit\platform\junit-platform-commons\1.5.2\junit-platform-commons-1.5.2.jar;C:\Users\bragg\.m2\repository\org\junit\jupiter\junit-jupiter-params\5.5.2\junit-jupiter-params-5.5.2.jar;C:\Users\bragg\.m2\repository\org\junit\jupiter\junit-jupiter-engine\5.5.2\junit-jupiter-engine-5.5.2.jar;C:\Users\bragg\.m2\repository\org\junit\vintage\junit-vintage-engine\5.5.2\junit-vintage-engine-5.5.2.jar;C:\Users\bragg\.m2\repository\org\apiguardian\apiguardian-api\1.1.0\apiguardian-api-1.1.0.jar;C:\Users\bragg\.m2\repository\org\junit\platform\junit-platform-engine\1.5.2\junit-platform-engine-1.5.2.jar;C:\Users\bragg\.m2\repository\junit\junit\4.12\junit-4.12.jar;C:\Users\bragg\.m2\repository\org\mockito\mockito-junit-jupiter\3.1.0\mockito-junit-jupiter-3.1.0.jar;C:\Users\bragg\.m2\repository\org\assertj\assertj-core\3.13.2\assertj-core-3.13.2.jar;C:\Users\bragg\.m2\repository\org\hamcrest\hamcrest\2.1\hamcrest-2.1.jar;C:\Users\bragg\.m2\repository\org\mockito\mockito-core\3.1.0\mockito-core-3.1.0.jar;C:\Users\bragg\.m2\repository\net\bytebuddy\byte-buddy-agent\1.9.10\byte-buddy-agent-1.9.10.jar;C:\Users\bragg\.m2\repository\org\objenesis\objenesis\2.6\objenesis-2.6.jar;C:\Users\bragg\.m2\repository\org\skyscreamer\jsonassert\1.5.0\jsonassert-1.5.0.jar;C:\Users\bragg\.m2\repository\com\vaadin\external\google\android-json\0.0.20131108.vaadin1\android-json-0.0.20131108.vaadin1.jar;C:\Users\bragg\.m2\repository\org\springframework\spring-core\5.2.7.RELEASE\spring-core-5.2.7.RELEASE.jar;C:\Users\bragg\.m2\repository\org\springframework\spring-jcl\5.2.7.RELEASE\spring-jcl-5.2.7.RELEASE.jar;C:\Users\bragg\.m2\repository\org\springframework\spring-test\5.2.7.RELEASE\spring-test-5.2.7.RELEASE.jar;C:\Users\bragg\.m2\repository\org\xmlunit\xmlunit-core\2.6.4\xmlunit-core-2.6.4.jar;C:\Users\bragg\.m2\repository\io\rest-assured\rest-assured\4.2.0\rest-assured-4.2.0.jar;C:\Users\bragg\.m2\repository\org\codehaus\groovy\groovy\2.5.8\groovy-2.5.8.jar;C:\Users\bragg\.m2\repository\org\codehaus\groovy\groovy-xml\2.5.8\groovy-xml-2.5.8.jar;C:\Users\bragg\.m2\repository\org\apache\httpcomponents\httpclient\4.5.3\httpclient-4.5.3.jar;C:\Users\bragg\.m2\repository\org\apache\httpcomponents\httpcore\4.4.6\httpcore-4.4.6.jar;C:\Users\bragg\.m2\repository\commons-logging\commons-logging\1.2\commons-logging-1.2.jar;C:\Users\bragg\.m2\repository\commons-codec\commons-codec\1.9\commons-codec-1.9.jar;C:\Users\bragg\.m2\repository\org\apache\httpcomponents\httpmime\4.5.3\httpmime-4.5.3.jar;C:\Users\bragg\.m2\repository\org\ccil\cowan\tagsoup\tagsoup\1.2.1\tagsoup-1.2.1.jar;C:\Users\bragg\.m2\repository\io\rest-assured\json-path\4.2.0\json-path-4.2.0.jar;C:\Users\bragg\.m2\repository\org\codehaus\groovy\groovy-json\2.5.8\groovy-json-2.5.8.jar;C:\Users\bragg\.m2\repository\io\rest-assured\rest-assured-common\4.2.0\rest-assured-common-4.2.0.jar;C:\Users\bragg\.m2\repository\io\rest-assured\xml-path\4.2.0\xml-path-4.2.0.jar;C:\Users\bragg\.m2\repository\org\apache\commons\commons-lang3\3.4\commons-lang3-3.4.jar;C:\Users\bragg\.m2\repository\com\sun\xml\bind\jaxb-osgi\2.3.0.1\jaxb-osgi-2.3.0.1.jar;C:\Users\bragg\.m2\repository\org\apache\sling\org.apache.sling.javax.activation\0.1.0\org.apache.sling.javax.activation-0.1.0.jar;C:\Users\bragg\.m2\repository\javax\activation\activation\1.1.1\activation-1.1.1.jar;C:\Users\bragg\.m2\repository\org\jetbrains\kotlin\kotlin-stdlib-jdk8\1.3.61\kotlin-stdlib-jdk8-1.3.61.jar;C:\Users\bragg\.m2\repository\org\jetbrains\kotlin\kotlin-stdlib\1.3.61\kotlin-stdlib-1.3.61.jar;C:\Users\bragg\.m2\repository\org\jetbrains\kotlin\kotlin-stdlib-common\1.3.61\kotlin-stdlib-common-1.3.61.jar;C:\Users\bragg\.m2\repository\org\jetbrains\annotations\13.0\annotations-13.0.jar;C:\Users\bragg\.m2\repository\org\jetbrains\kotlin\kotlin-stdlib-jdk7\1.3.61\kotlin-stdlib-jdk7-1.3.61.jar;C:\Users\bragg\.m2\repository\org\jetbrains\kotlin\kotlin-reflect\1.3.61\kotlin-reflect-1.3.61.jar;"/>
    <property name="sun.cpu.endian" value="little"/>
    <property name="user.home" value="C:\Users\bragg"/>
    <property name="user.language" value="en"/>
    <property name="java.specification.vendor" value="Oracle Corporation"/>
    <property name="java.version.date" value="2020-07-14"/>
    <property name="java.home" value="C:\Program Files\Java\jdk-11.0.8"/>
    <property name="file.separator" value="\"/>
    <property name="basedir" value="C:\Users\bragg\OneDrive\Documents\Skole\5.semester\Enterpriceprogrammering 2\CardGame-Enterprice2\scores"/>
    <property name="java.vm.compressedOopsMode" value="32-bit"/>
    <property name="line.separator" value="&#10;"/>
    <property name="java.specification.name" value="Java Platform API Specification"/>
    <property name="java.vm.specification.vendor" value="Oracle Corporation"/>
    <property name="java.awt.graphicsenv" value="sun.awt.Win32GraphicsEnvironment"/>
    <property name="java.awt.headless" value="true"/>
    <property name="surefire.real.class.path" value="C:\Users\bragg\AppData\Local\Temp\surefire13128849016012917058\surefirebooter13620296166385578993.jar"/>
    <property name="user.script" value=""/>
    <property name="sun.management.compiler" value="HotSpot 64-Bit Tiered Compilers"/>
    <property name="java.runtime.version" value="11.0.8+10-LTS"/>
    <property name="user.name" value="bragg"/>
    <property name="path.separator" value=";"/>
    <property name="os.version" value="10.0"/>
    <property name="java.runtime.name" value="Java(TM) SE Runtime Environment"/>
    <property name="file.encoding" value="Cp1252"/>
    <property name="spring.beaninfo.ignore" value="true"/>
    <property name="java.vm.name" value="Java HotSpot(TM) 64-Bit Server VM"/>
    <property name="java.vendor.version" value="18.9"/>
    <property name="localRepository" value="C:\Users\bragg\.m2\repository"/>
    <property name="java.vendor.url.bug" value="https://bugreport.java.com/bugreport/"/>
    <property name="java.io.tmpdir" value="C:\Users\bragg\AppData\Local\Temp\"/>
    <property name="com.zaxxer.hikari.pool_number" value="2"/>
    <property name="catalina.home" value="C:\Users\bragg\AppData\Local\Temp\tomcat.10821147803999280702.0"/>
    <property name="java.version" value="11.0.8"/>
    <property name="user.dir" value="C:\Users\bragg\OneDrive\Documents\Skole\5.semester\Enterpriceprogrammering 2\CardGame-Enterprice2\scores"/>
    <property name="os.arch" value="amd64"/>
    <property name="java.vm.specification.name" value="Java Virtual Machine Specification"/>
    <property name="PID" value="10736"/>
    <property name="java.awt.printerjob" value="sun.awt.windows.WPrinterJob"/>
    <property name="user.language.format" value="no"/>
    <property name="sun.os.patch.level" value=""/>
    <property name="catalina.base" value="C:\Users\bragg\AppData\Local\Temp\tomcat.10821147803999280702.0"/>
    <property name="java.library.path" value="C:\Program Files\Java\jdk-11.0.8\bin;C:\Windows\Sun\Java\bin;C:\Windows\system32;C:\Windows;C:\Windows\system32;C:\Windows;C:\Windows\System32\Wbem;C:\Windows\System32\WindowsPowerShell\v1.0\;C:\Windows\System32\OpenSSH\;C:\Program Files\Java\jdk-11.0.8\bin;C:\Program Files\Maven\apache-maven-3.6.3\bin;C:\Program Files\Git\cmd;C:\Program Files\Docker\Docker\resources\bin;C:\ProgramData\DockerDesktop\version-bin;C:\Ruby26-x64\bin;C:\Users\bragg\AppData\Local\Microsoft\WindowsApps;."/>
    <property name="java.vendor" value="Oracle Corporation"/>
    <property name="java.vm.info" value="mixed mode"/>
    <property name="java.vm.version" value="11.0.8+10-LTS"/>
    <property name="sun.io.unicode.encoding" value="UnicodeLittle"/>
    <property name="java.class.version" value="55.0"/>
  </properties>
  <testcase name="testAllPages" classname="org.enterpris2.cardgame.scores.RestApiTest" time="0.912">
    <failure type="java.lang.AssertionError"><![CDATA[java.lang.AssertionError: 
1 expectation failed.
Expected status code <200> but was <404>.

	at org.enterpris2.cardgame.scores.RestApiTest.testAllPages(RestApiTest.kt:60)
]]></failure>
    <system-out><![CDATA[2020-09-17 10:19:56.137  INFO 10736 --- [           main] .b.t.c.SpringBootTestContextBootstrapper : Neither @ContextConfiguration nor @ContextHierarchy found for test class [org.enterpris2.cardgame.scores.RestApiTest], using SpringBootContextLoader
2020-09-17 10:19:56.137  INFO 10736 --- [           main] o.s.t.c.support.AbstractContextLoader    : Could not detect default resource locations for test class [org.enterpris2.cardgame.scores.RestApiTest]: no resource found for suffixes {-context.xml, Context.groovy}.
2020-09-17 10:19:56.137  INFO 10736 --- [           main] .b.t.c.SpringBootTestContextBootstrapper : Loaded default TestExecutionListener class names from location [META-INF/spring.factories]: [org.springframework.boot.test.mock.mockito.MockitoTestExecutionListener, org.springframework.boot.test.mock.mockito.ResetMocksTestExecutionListener, org.springframework.boot.test.autoconfigure.restdocs.RestDocsTestExecutionListener, org.springframework.boot.test.autoconfigure.web.client.MockRestServiceServerResetTestExecutionListener, org.springframework.boot.test.autoconfigure.web.servlet.MockMvcPrintOnlyOnFailureTestExecutionListener, org.springframework.boot.test.autoconfigure.web.servlet.WebDriverTestExecutionListener, org.springframework.test.context.web.ServletTestExecutionListener, org.springframework.test.context.support.DirtiesContextBeforeModesTestExecutionListener, org.springframework.test.context.support.DependencyInjectionTestExecutionListener, org.springframework.test.context.support.DirtiesContextTestExecutionListener, org.springframework.test.context.transaction.TransactionalTestExecutionListener, org.springframework.test.context.jdbc.SqlScriptsTestExecutionListener, org.springframework.test.context.event.EventPublishingTestExecutionListener]
2020-09-17 10:19:56.137  INFO 10736 --- [           main] .b.t.c.SpringBootTestContextBootstrapper : Using TestExecutionListeners: [org.springframework.test.context.web.ServletTestExecutionListener@77648321, org.springframework.test.context.support.DirtiesContextBeforeModesTestExecutionListener@43201f84, org.springframework.boot.test.mock.mockito.MockitoTestExecutionListener@2c51c756, org.springframework.boot.test.autoconfigure.SpringBootDependencyInjectionTestExecutionListener@4ef277ef, org.springframework.test.context.support.DirtiesContextTestExecutionListener@1ddc889b, org.springframework.test.context.transaction.TransactionalTestExecutionListener@5ec3689b, org.springframework.test.context.jdbc.SqlScriptsTestExecutionListener@7c0a6f62, org.springframework.test.context.event.EventPublishingTestExecutionListener@219a2203, org.springframework.boot.test.mock.mockito.ResetMocksTestExecutionListener@58fbfefb, org.springframework.boot.test.autoconfigure.restdocs.RestDocsTestExecutionListener@1db9c2cf, org.springframework.boot.test.autoconfigure.web.client.MockRestServiceServerResetTestExecutionListener@32e7df65, org.springframework.boot.test.autoconfigure.web.servlet.MockMvcPrintOnlyOnFailureTestExecutionListener@421d7900, org.springframework.boot.test.autoconfigure.web.servlet.WebDriverTestExecutionListener@45964b9e]

  .   ____          _            __ _ _
 /\\ / ___'_ __ _ _(_)_ __  __ _ \ \ \ \
( ( )\___ | '_ | '_| | '_ \/ _` | \ \ \ \
 \\/  ___)| |_)| | | | | || (_| |  ) ) ) )
  '  |____| .__|_| |_|_| |_\__, | / / / /
 =========|_|==============|___/=/_/_/_/
 :: Spring Boot ::        (v2.3.3.RELEASE)

2020-09-17 10:19:56.184  INFO 10736 --- [           main] o.e.cardgame.scores.RestApiTest          : Starting RestApiTest on DESKTOP-77QGOLO with PID 10736 (started by bragg in C:\Users\bragg\OneDrive\Documents\Skole\5.semester\Enterpriceprogrammering 2\CardGame-Enterprice2\scores)
2020-09-17 10:19:56.184  INFO 10736 --- [           main] o.e.cardgame.scores.RestApiTest          : The following profiles are active: FakeData,test
2020-09-17 10:19:56.743  INFO 10736 --- [           main] .s.d.r.c.RepositoryConfigurationDelegate : Bootstrapping Spring Data JPA repositories in DEFERRED mode.
2020-09-17 10:19:56.759  INFO 10736 --- [           main] .s.d.r.c.RepositoryConfigurationDelegate : Finished Spring Data repository scanning in 18ms. Found 1 JPA repository interfaces.
2020-09-17 10:19:56.903  INFO 10736 --- [           main] trationDelegate$BeanPostProcessorChecker : Bean 'org.springframework.transaction.annotation.ProxyTransactionManagementConfiguration' of type [org.springframework.transaction.annotation.ProxyTransactionManagementConfiguration] is not eligible for getting processed by all BeanPostProcessors (for example: not eligible for auto-proxying)
2020-09-17 10:19:57.209  INFO 10736 --- [           main] o.s.b.w.embedded.tomcat.TomcatWebServer  : Tomcat initialized with port(s): 0 (http)
2020-09-17 10:19:57.225  INFO 10736 --- [           main] o.apache.catalina.core.StandardService   : Starting service [Tomcat]
2020-09-17 10:19:57.225  INFO 10736 --- [           main] org.apache.catalina.core.StandardEngine  : Starting Servlet engine: [Apache Tomcat/9.0.37]
2020-09-17 10:19:57.371  INFO 10736 --- [           main] o.a.c.c.C.[Tomcat].[localhost].[/]       : Initializing Spring embedded WebApplicationContext
2020-09-17 10:19:57.371  INFO 10736 --- [           main] w.s.c.ServletWebServerApplicationContext : Root WebApplicationContext: initialization completed in 1171 ms
2020-09-17 10:19:57.626  INFO 10736 --- [           main] com.zaxxer.hikari.HikariDataSource       : HikariPool-2 - Starting...
2020-09-17 10:19:57.626  INFO 10736 --- [           main] com.zaxxer.hikari.HikariDataSource       : HikariPool-2 - Start completed.
2020-09-17 10:19:57.626  INFO 10736 --- [           main] o.f.c.internal.database.DatabaseFactory  : Database: jdbc:h2:mem:db (H2 1.4)
2020-09-17 10:19:57.642  INFO 10736 --- [           main] o.f.core.internal.command.DbValidate     : Successfully validated 1 migration (execution time 00:00.004s)
2020-09-17 10:19:57.642  INFO 10736 --- [           main] o.f.core.internal.command.DbMigrate      : Current version of schema "PUBLIC": 1.0
2020-09-17 10:19:57.642  INFO 10736 --- [           main] o.f.core.internal.command.DbMigrate      : Schema "PUBLIC" is up to date. No migration necessary.
2020-09-17 10:19:57.673  INFO 10736 --- [           main] o.s.s.concurrent.ThreadPoolTaskExecutor  : Initializing ExecutorService 'applicationTaskExecutor'
2020-09-17 10:19:57.689  INFO 10736 --- [         task-1] o.hibernate.jpa.internal.util.LogHelper  : HHH000204: Processing PersistenceUnitInfo [name: default]
2020-09-17 10:19:57.705  INFO 10736 --- [         task-1] org.hibernate.dialect.Dialect            : HHH000400: Using dialect: org.hibernate.dialect.H2Dialect
2020-09-17 10:19:57.737  INFO 10736 --- [         task-1] o.h.e.t.j.p.i.JtaPlatformInitiator       : HHH000490: Using JtaPlatform implementation: [org.hibernate.engine.transaction.jta.platform.internal.NoJtaPlatform]
2020-09-17 10:19:57.737  INFO 10736 --- [         task-1] j.LocalContainerEntityManagerFactoryBean : Initialized JPA EntityManagerFactory for persistence unit 'default'
2020-09-17 10:19:57.889  WARN 10736 --- [           main] JpaBaseConfiguration$JpaWebConfiguration : spring.jpa.open-in-view is enabled by default. Therefore, database queries may be performed during view rendering. Explicitly configure spring.jpa.open-in-view to disable this warning
2020-09-17 10:19:58.135  INFO 10736 --- [           main] o.s.b.a.e.web.EndpointLinksResolver      : Exposing 2 endpoint(s) beneath base path '/actuator'
2020-09-17 10:19:58.961  INFO 10736 --- [           main] o.s.b.w.embedded.tomcat.TomcatWebServer  : Tomcat started on port(s): 50861 (http) with context path ''
2020-09-17 10:19:59.149  INFO 10736 --- [           main] DeferredRepositoryInitializationListener : Triggering deferred initialization of Spring Data repositories…
2020-09-17 10:19:59.149  INFO 10736 --- [           main] DeferredRepositoryInitializationListener : Spring Data repositories initialized!
2020-09-17 10:19:59.165  INFO 10736 --- [           main] o.e.cardgame.scores.RestApiTest          : Started RestApiTest in 3.024 seconds (JVM running for 8.443)
2020-09-17 10:20:00.073  INFO 10736 --- [o-auto-1-exec-1] o.a.c.c.C.[Tomcat].[localhost].[/]       : Initializing Spring DispatcherServlet 'dispatcherServlet'
2020-09-17 10:20:00.073  INFO 10736 --- [o-auto-1-exec-1] o.s.web.servlet.DispatcherServlet        : Initializing Servlet 'dispatcherServlet'
2020-09-17 10:20:00.093  INFO 10736 --- [o-auto-1-exec-1] o.s.web.servlet.DispatcherServlet        : Completed initialization in 20 ms
2020-09-17 10:20:00.107  WARN 10736 --- [o-auto-1-exec-1] o.s.web.servlet.PageNotFound             : No mapping for GET /api/scores
2020-09-17 10:20:00.111  WARN 10736 --- [o-auto-1-exec-1] o.s.web.servlet.PageNotFound             : No handler found for GET /api/scores
2020-09-17 10:20:00.111  WARN 10736 --- [o-auto-1-exec-1] .w.s.m.s.DefaultHandlerExceptionResolver : Resolved [org.springframework.web.servlet.NoHandlerFoundException: No handler found for GET /api/scores]
Request method:	GET
Request URI:	http://localhost:50861/api/scores
Proxy:			<none>
Request params:	<none>
Query params:	<none>
Form params:	<none>
Path params:	<none>
Headers:		Accept=application/json, application/javascript, text/javascript, text/json
Cookies:		<none>
Multiparts:		<none>
Body:			<none>

HTTP/1.1 404 
Content-Type: application/json
Transfer-Encoding: chunked
Date: Thu, 17 Sep 2020 08:20:00 GMT
Keep-Alive: timeout=60
Connection: keep-alive

{
    "timestamp": "2020-09-17T08:20:00.134+00:00",
    "status": 404,
    "error": "Not Found",
    "message": "",
    "path": "/api/scores"
}
]]></system-out>
    <rerunFailure type="java.lang.AssertionError">
      <stackTrace><![CDATA[java.lang.AssertionError: 
1 expectation failed.
Expected status code <200> but was <404>.

	at org.enterpris2.cardgame.scores.RestApiTest.testAllPages(RestApiTest.kt:60)
]]></stackTrace>
      <system-out><![CDATA[2020-09-17 10:20:00.372  WARN 10736 --- [o-auto-1-exec-4] o.s.web.servlet.PageNotFound             : No mapping for GET /api/scores
2020-09-17 10:20:00.373  WARN 10736 --- [o-auto-1-exec-4] o.s.web.servlet.PageNotFound             : No handler found for GET /api/scores
2020-09-17 10:20:00.373  WARN 10736 --- [o-auto-1-exec-4] .w.s.m.s.DefaultHandlerExceptionResolver : Resolved [org.springframework.web.servlet.NoHandlerFoundException: No handler found for GET /api/scores]
Request method:	GET
Request URI:	http://localhost:50861/api/scores
Proxy:			<none>
Request params:	<none>
Query params:	<none>
Form params:	<none>
Path params:	<none>
Headers:		Accept=application/json, application/javascript, text/javascript, text/json
Cookies:		<none>
Multiparts:		<none>
Body:			<none>

HTTP/1.1 404 
Content-Type: application/json
Transfer-Encoding: chunked
Date: Thu, 17 Sep 2020 08:20:00 GMT
Keep-Alive: timeout=60
Connection: keep-alive

{
    "timestamp": "2020-09-17T08:20:00.374+00:00",
    "status": 404,
    "error": "Not Found",
    "message": "",
    "path": "/api/scores"
}
]]></system-out>
    </rerunFailure>
    <rerunFailure type="java.lang.AssertionError">
      <stackTrace><![CDATA[java.lang.AssertionError: 
1 expectation failed.
Expected status code <200> but was <404>.

	at org.enterpris2.cardgame.scores.RestApiTest.testAllPages(RestApiTest.kt:60)
]]></stackTrace>
      <system-out><![CDATA[2020-09-17 10:20:00.467  WARN 10736 --- [o-auto-1-exec-6] o.s.web.servlet.PageNotFound             : No mapping for GET /api/scores
2020-09-17 10:20:00.467  WARN 10736 --- [o-auto-1-exec-6] o.s.web.servlet.PageNotFound             : No handler found for GET /api/scores
2020-09-17 10:20:00.467  WARN 10736 --- [o-auto-1-exec-6] .w.s.m.s.DefaultHandlerExceptionResolver : Resolved [org.springframework.web.servlet.NoHandlerFoundException: No handler found for GET /api/scores]
Request method:	GET
Request URI:	http://localhost:50861/api/scores
Proxy:			<none>
Request params:	<none>
Query params:	<none>
Form params:	<none>
Path params:	<none>
Headers:		Accept=application/json, application/javascript, text/javascript, text/json
Cookies:		<none>
Multiparts:		<none>
Body:			<none>

HTTP/1.1 404 
Content-Type: application/json
Transfer-Encoding: chunked
Date: Thu, 17 Sep 2020 08:20:00 GMT
Keep-Alive: timeout=60
Connection: keep-alive

{
    "timestamp": "2020-09-17T08:20:00.468+00:00",
    "status": 404,
    "error": "Not Found",
    "message": "",
    "path": "/api/scores"
}
]]></system-out>
    </rerunFailure>
    <rerunFailure type="java.lang.AssertionError">
      <stackTrace><![CDATA[java.lang.AssertionError: 
1 expectation failed.
Expected status code <200> but was <404>.

	at org.enterpris2.cardgame.scores.RestApiTest.testAllPages(RestApiTest.kt:60)
]]></stackTrace>
      <system-out><![CDATA[2020-09-17 10:20:00.539  WARN 10736 --- [o-auto-1-exec-8] o.s.web.servlet.PageNotFound             : No mapping for GET /api/scores
2020-09-17 10:20:00.540  WARN 10736 --- [o-auto-1-exec-8] o.s.web.servlet.PageNotFound             : No handler found for GET /api/scores
2020-09-17 10:20:00.540  WARN 10736 --- [o-auto-1-exec-8] .w.s.m.s.DefaultHandlerExceptionResolver : Resolved [org.springframework.web.servlet.NoHandlerFoundException: No handler found for GET /api/scores]
Request method:	GET
Request URI:	http://localhost:50861/api/scores
Proxy:			<none>
Request params:	<none>
Query params:	<none>
Form params:	<none>
Path params:	<none>
Headers:		Accept=application/json, application/javascript, text/javascript, text/json
Cookies:		<none>
Multiparts:		<none>
Body:			<none>

HTTP/1.1 404 
Content-Type: application/json
Transfer-Encoding: chunked
Date: Thu, 17 Sep 2020 08:20:00 GMT
Keep-Alive: timeout=60
Connection: keep-alive

{
    "timestamp": "2020-09-17T08:20:00.541+00:00",
    "status": 404,
    "error": "Not Found",
    "message": "",
    "path": "/api/scores"
}
]]></system-out>
    </rerunFailure>
  </testcase>
  <testcase name="testGetPage" classname="org.enterpris2.cardgame.scores.RestApiTest" time="0.019">
    <failure type="java.lang.AssertionError"><![CDATA[java.lang.AssertionError: 
1 expectation failed.
Expected status code <200> but was <404>.

	at org.enterpris2.cardgame.scores.RestApiTest.testGetPage(RestApiTest.kt:47)
]]></failure>
    <system-out><![CDATA[2020-09-17 10:20:00.308  WARN 10736 --- [o-auto-1-exec-2] o.s.web.servlet.PageNotFound             : No mapping for GET /api/scores
2020-09-17 10:20:00.308  WARN 10736 --- [o-auto-1-exec-2] o.s.web.servlet.PageNotFound             : No handler found for GET /api/scores
2020-09-17 10:20:00.308  WARN 10736 --- [o-auto-1-exec-2] .w.s.m.s.DefaultHandlerExceptionResolver : Resolved [org.springframework.web.servlet.NoHandlerFoundException: No handler found for GET /api/scores]
Request method:	GET
Request URI:	http://localhost:50861/api/scores
Proxy:			<none>
Request params:	<none>
Query params:	<none>
Form params:	<none>
Path params:	<none>
Headers:		Accept=application/json, application/javascript, text/javascript, text/json
Cookies:		<none>
Multiparts:		<none>
Body:			<none>

HTTP/1.1 404 
Content-Type: application/json
Transfer-Encoding: chunked
Date: Thu, 17 Sep 2020 08:20:00 GMT
Keep-Alive: timeout=60
Connection: keep-alive

{
    "timestamp": "2020-09-17T08:20:00.309+00:00",
    "status": 404,
    "error": "Not Found",
    "message": "",
    "path": "/api/scores"
}
]]></system-out>
    <rerunFailure type="java.lang.AssertionError">
      <stackTrace><![CDATA[java.lang.AssertionError: 
1 expectation failed.
Expected status code <200> but was <404>.

	at org.enterpris2.cardgame.scores.RestApiTest.testGetPage(RestApiTest.kt:47)
]]></stackTrace>
      <system-out><![CDATA[2020-09-17 10:20:00.331  INFO 10736 --- [           main] .b.t.c.SpringBootTestContextBootstrapper : Neither @ContextConfiguration nor @ContextHierarchy found for test class [org.enterpris2.cardgame.scores.RestApiTest], using SpringBootContextLoader
2020-09-17 10:20:00.332  INFO 10736 --- [           main] o.s.t.c.support.AbstractContextLoader    : Could not detect default resource locations for test class [org.enterpris2.cardgame.scores.RestApiTest]: no resource found for suffixes {-context.xml, Context.groovy}.
2020-09-17 10:20:00.335  INFO 10736 --- [           main] .b.t.c.SpringBootTestContextBootstrapper : Loaded default TestExecutionListener class names from location [META-INF/spring.factories]: [org.springframework.boot.test.mock.mockito.MockitoTestExecutionListener, org.springframework.boot.test.mock.mockito.ResetMocksTestExecutionListener, org.springframework.boot.test.autoconfigure.restdocs.RestDocsTestExecutionListener, org.springframework.boot.test.autoconfigure.web.client.MockRestServiceServerResetTestExecutionListener, org.springframework.boot.test.autoconfigure.web.servlet.MockMvcPrintOnlyOnFailureTestExecutionListener, org.springframework.boot.test.autoconfigure.web.servlet.WebDriverTestExecutionListener, org.springframework.test.context.web.ServletTestExecutionListener, org.springframework.test.context.support.DirtiesContextBeforeModesTestExecutionListener, org.springframework.test.context.support.DependencyInjectionTestExecutionListener, org.springframework.test.context.support.DirtiesContextTestExecutionListener, org.springframework.test.context.transaction.TransactionalTestExecutionListener, org.springframework.test.context.jdbc.SqlScriptsTestExecutionListener, org.springframework.test.context.event.EventPublishingTestExecutionListener]
2020-09-17 10:20:00.335  INFO 10736 --- [           main] .b.t.c.SpringBootTestContextBootstrapper : Using TestExecutionListeners: [org.springframework.test.context.web.ServletTestExecutionListener@10d1f6da, org.springframework.test.context.support.DirtiesContextBeforeModesTestExecutionListener@6ced9545, org.springframework.boot.test.mock.mockito.MockitoTestExecutionListener@3adb46b5, org.springframework.boot.test.autoconfigure.SpringBootDependencyInjectionTestExecutionListener@1923a29a, org.springframework.test.context.support.DirtiesContextTestExecutionListener@6dbf042, org.springframework.test.context.transaction.TransactionalTestExecutionListener@61c0a61, org.springframework.test.context.jdbc.SqlScriptsTestExecutionListener@66121af9, org.springframework.test.context.event.EventPublishingTestExecutionListener@62a153d3, org.springframework.boot.test.mock.mockito.ResetMocksTestExecutionListener@3b21f625, org.springframework.boot.test.autoconfigure.restdocs.RestDocsTestExecutionListener@5d08bc22, org.springframework.boot.test.autoconfigure.web.client.MockRestServiceServerResetTestExecutionListener@2b3ba0a8, org.springframework.boot.test.autoconfigure.web.servlet.MockMvcPrintOnlyOnFailureTestExecutionListener@43ec41d7, org.springframework.boot.test.autoconfigure.web.servlet.WebDriverTestExecutionListener@77480751]
2020-09-17 10:20:00.354  WARN 10736 --- [o-auto-1-exec-3] o.s.web.servlet.PageNotFound             : No mapping for GET /api/scores
2020-09-17 10:20:00.354  WARN 10736 --- [o-auto-1-exec-3] o.s.web.servlet.PageNotFound             : No handler found for GET /api/scores
2020-09-17 10:20:00.354  WARN 10736 --- [o-auto-1-exec-3] .w.s.m.s.DefaultHandlerExceptionResolver : Resolved [org.springframework.web.servlet.NoHandlerFoundException: No handler found for GET /api/scores]
Request method:	GET
Request URI:	http://localhost:50861/api/scores
Proxy:			<none>
Request params:	<none>
Query params:	<none>
Form params:	<none>
Path params:	<none>
Headers:		Accept=application/json, application/javascript, text/javascript, text/json
Cookies:		<none>
Multiparts:		<none>
Body:			<none>

HTTP/1.1 404 
Content-Type: application/json
Transfer-Encoding: chunked
Date: Thu, 17 Sep 2020 08:20:00 GMT
Keep-Alive: timeout=60
Connection: keep-alive

{
    "timestamp": "2020-09-17T08:20:00.355+00:00",
    "status": 404,
    "error": "Not Found",
    "message": "",
    "path": "/api/scores"
}
]]></system-out>
    </rerunFailure>
    <rerunFailure type="java.lang.AssertionError">
      <stackTrace><![CDATA[java.lang.AssertionError: 
1 expectation failed.
Expected status code <200> but was <404>.

	at org.enterpris2.cardgame.scores.RestApiTest.testGetPage(RestApiTest.kt:47)
]]></stackTrace>
      <system-out><![CDATA[2020-09-17 10:20:00.432  INFO 10736 --- [           main] .b.t.c.SpringBootTestContextBootstrapper : Neither @ContextConfiguration nor @ContextHierarchy found for test class [org.enterpris2.cardgame.scores.RestApiTest], using SpringBootContextLoader
2020-09-17 10:20:00.432  INFO 10736 --- [           main] o.s.t.c.support.AbstractContextLoader    : Could not detect default resource locations for test class [org.enterpris2.cardgame.scores.RestApiTest]: no resource found for suffixes {-context.xml, Context.groovy}.
2020-09-17 10:20:00.435  INFO 10736 --- [           main] .b.t.c.SpringBootTestContextBootstrapper : Loaded default TestExecutionListener class names from location [META-INF/spring.factories]: [org.springframework.boot.test.mock.mockito.MockitoTestExecutionListener, org.springframework.boot.test.mock.mockito.ResetMocksTestExecutionListener, org.springframework.boot.test.autoconfigure.restdocs.RestDocsTestExecutionListener, org.springframework.boot.test.autoconfigure.web.client.MockRestServiceServerResetTestExecutionListener, org.springframework.boot.test.autoconfigure.web.servlet.MockMvcPrintOnlyOnFailureTestExecutionListener, org.springframework.boot.test.autoconfigure.web.servlet.WebDriverTestExecutionListener, org.springframework.test.context.web.ServletTestExecutionListener, org.springframework.test.context.support.DirtiesContextBeforeModesTestExecutionListener, org.springframework.test.context.support.DependencyInjectionTestExecutionListener, org.springframework.test.context.support.DirtiesContextTestExecutionListener, org.springframework.test.context.transaction.TransactionalTestExecutionListener, org.springframework.test.context.jdbc.SqlScriptsTestExecutionListener, org.springframework.test.context.event.EventPublishingTestExecutionListener]
2020-09-17 10:20:00.435  INFO 10736 --- [           main] .b.t.c.SpringBootTestContextBootstrapper : Using TestExecutionListeners: [org.springframework.test.context.web.ServletTestExecutionListener@6f215ff3, org.springframework.test.context.support.DirtiesContextBeforeModesTestExecutionListener@6066cf5, org.springframework.boot.test.mock.mockito.MockitoTestExecutionListener@3d63becf, org.springframework.boot.test.autoconfigure.SpringBootDependencyInjectionTestExecutionListener@5248688c, org.springframework.test.context.support.DirtiesContextTestExecutionListener@37736bf1, org.springframework.test.context.transaction.TransactionalTestExecutionListener@2a7c82e, org.springframework.test.context.jdbc.SqlScriptsTestExecutionListener@22128b73, org.springframework.test.context.event.EventPublishingTestExecutionListener@338f9bb5, org.springframework.boot.test.mock.mockito.ResetMocksTestExecutionListener@1f0f52d6, org.springframework.boot.test.autoconfigure.restdocs.RestDocsTestExecutionListener@23551fa1, org.springframework.boot.test.autoconfigure.web.client.MockRestServiceServerResetTestExecutionListener@152a41ab, org.springframework.boot.test.autoconfigure.web.servlet.MockMvcPrintOnlyOnFailureTestExecutionListener@5a372288, org.springframework.boot.test.autoconfigure.web.servlet.WebDriverTestExecutionListener@3f4b52fa]
2020-09-17 10:20:00.449  WARN 10736 --- [o-auto-1-exec-5] o.s.web.servlet.PageNotFound             : No mapping for GET /api/scores
2020-09-17 10:20:00.449  WARN 10736 --- [o-auto-1-exec-5] o.s.web.servlet.PageNotFound             : No handler found for GET /api/scores
2020-09-17 10:20:00.449  WARN 10736 --- [o-auto-1-exec-5] .w.s.m.s.DefaultHandlerExceptionResolver : Resolved [org.springframework.web.servlet.NoHandlerFoundException: No handler found for GET /api/scores]
Request method:	GET
Request URI:	http://localhost:50861/api/scores
Proxy:			<none>
Request params:	<none>
Query params:	<none>
Form params:	<none>
Path params:	<none>
Headers:		Accept=application/json, application/javascript, text/javascript, text/json
Cookies:		<none>
Multiparts:		<none>
Body:			<none>

HTTP/1.1 404 
Content-Type: application/json
Transfer-Encoding: chunked
Date: Thu, 17 Sep 2020 08:20:00 GMT
Keep-Alive: timeout=60
Connection: keep-alive

{
    "timestamp": "2020-09-17T08:20:00.450+00:00",
    "status": 404,
    "error": "Not Found",
    "message": "",
    "path": "/api/scores"
}
]]></system-out>
    </rerunFailure>
    <rerunFailure type="java.lang.AssertionError">
      <stackTrace><![CDATA[java.lang.AssertionError: 
1 expectation failed.
Expected status code <200> but was <404>.

	at org.enterpris2.cardgame.scores.RestApiTest.testGetPage(RestApiTest.kt:47)
]]></stackTrace>
      <system-out><![CDATA[2020-09-17 10:20:00.511  INFO 10736 --- [           main] .b.t.c.SpringBootTestContextBootstrapper : Neither @ContextConfiguration nor @ContextHierarchy found for test class [org.enterpris2.cardgame.scores.RestApiTest], using SpringBootContextLoader
2020-09-17 10:20:00.512  INFO 10736 --- [           main] o.s.t.c.support.AbstractContextLoader    : Could not detect default resource locations for test class [org.enterpris2.cardgame.scores.RestApiTest]: no resource found for suffixes {-context.xml, Context.groovy}.
2020-09-17 10:20:00.514  INFO 10736 --- [           main] .b.t.c.SpringBootTestContextBootstrapper : Loaded default TestExecutionListener class names from location [META-INF/spring.factories]: [org.springframework.boot.test.mock.mockito.MockitoTestExecutionListener, org.springframework.boot.test.mock.mockito.ResetMocksTestExecutionListener, org.springframework.boot.test.autoconfigure.restdocs.RestDocsTestExecutionListener, org.springframework.boot.test.autoconfigure.web.client.MockRestServiceServerResetTestExecutionListener, org.springframework.boot.test.autoconfigure.web.servlet.MockMvcPrintOnlyOnFailureTestExecutionListener, org.springframework.boot.test.autoconfigure.web.servlet.WebDriverTestExecutionListener, org.springframework.test.context.web.ServletTestExecutionListener, org.springframework.test.context.support.DirtiesContextBeforeModesTestExecutionListener, org.springframework.test.context.support.DependencyInjectionTestExecutionListener, org.springframework.test.context.support.DirtiesContextTestExecutionListener, org.springframework.test.context.transaction.TransactionalTestExecutionListener, org.springframework.test.context.jdbc.SqlScriptsTestExecutionListener, org.springframework.test.context.event.EventPublishingTestExecutionListener]
2020-09-17 10:20:00.514  INFO 10736 --- [           main] .b.t.c.SpringBootTestContextBootstrapper : Using TestExecutionListeners: [org.springframework.test.context.web.ServletTestExecutionListener@4cc40892, org.springframework.test.context.support.DirtiesContextBeforeModesTestExecutionListener@330888a, org.springframework.boot.test.mock.mockito.MockitoTestExecutionListener@62edf11e, org.springframework.boot.test.autoconfigure.SpringBootDependencyInjectionTestExecutionListener@79205848, org.springframework.test.context.support.DirtiesContextTestExecutionListener@154c4f66, org.springframework.test.context.transaction.TransactionalTestExecutionListener@12bff19d, org.springframework.test.context.jdbc.SqlScriptsTestExecutionListener@1f5797d5, org.springframework.test.context.event.EventPublishingTestExecutionListener@64ce7e6f, org.springframework.boot.test.mock.mockito.ResetMocksTestExecutionListener@130e2aef, org.springframework.boot.test.autoconfigure.restdocs.RestDocsTestExecutionListener@7ed0020a, org.springframework.boot.test.autoconfigure.web.client.MockRestServiceServerResetTestExecutionListener@5d1acb3a, org.springframework.boot.test.autoconfigure.web.servlet.MockMvcPrintOnlyOnFailureTestExecutionListener@4ab0ebf0, org.springframework.boot.test.autoconfigure.web.servlet.WebDriverTestExecutionListener@288be91b]
2020-09-17 10:20:00.524  WARN 10736 --- [o-auto-1-exec-7] o.s.web.servlet.PageNotFound             : No mapping for GET /api/scores
2020-09-17 10:20:00.525  WARN 10736 --- [o-auto-1-exec-7] o.s.web.servlet.PageNotFound             : No handler found for GET /api/scores
2020-09-17 10:20:00.525  WARN 10736 --- [o-auto-1-exec-7] .w.s.m.s.DefaultHandlerExceptionResolver : Resolved [org.springframework.web.servlet.NoHandlerFoundException: No handler found for GET /api/scores]
Request method:	GET
Request URI:	http://localhost:50861/api/scores
Proxy:			<none>
Request params:	<none>
Query params:	<none>
Form params:	<none>
Path params:	<none>
Headers:		Accept=application/json, application/javascript, text/javascript, text/json
Cookies:		<none>
Multiparts:		<none>
Body:			<none>

HTTP/1.1 404 
Content-Type: application/json
Transfer-Encoding: chunked
Date: Thu, 17 Sep 2020 08:20:00 GMT
Keep-Alive: timeout=60
Connection: keep-alive

{
    "timestamp": "2020-09-17T08:20:00.525+00:00",
    "status": 404,
    "error": "Not Found",
    "message": "",
    "path": "/api/scores"
}
]]></system-out>
    </rerunFailure>
  </testcase>
</testsuite>